(006E0105357593060571398BP30,G,0,000003F5,6,460001A5441E840EE13,170716A2234.9108N11351.8951E000.9111218126.39)
(006D0105357593060571398BP30,G,0,00000408,6,460001A5441E840ED13,170716A2234.9418N11351.9339E012.411143850.03)
(006E0105357593060571398BP30,G,0,00000454,6,460001A6D2D9E3D5F13,170716A2234.5817N11352.9768E028.1111919129.88)
(006E0105357593060571398BP30,G,0,00000483,6,460001A6D2D9E2D6513,170716A2233.8819N11353.6695E039.2112127141.84)
(006E0105357593060571398BP30,G,0,000004C0,6,460001A6D217044CB13,170716A2233.3436N11354.2938E045.1112337145.78)
(006D0105357593060571398BP30,G,0,000004C9,6,460001A53F17028AB13,170716A2233.2468N11354.8192E017.611255648.59)
(006D0105357593060571398BP30,G,0,000004ED,5,460001A53F17040ED13,170716A2233.3067N11356.5028E025.411301063.01)
(006D0105357593060571398BP30,G,0,000004FE,5,460001A52E15F358F13,170716A2233.4508N11358.0371E061.811323883.15)
(006E0105357593060571398BP30,G,0,000004FE,5,460001A52E15F3FC113,170716A2233.5278N11359.3909E059.211345894.991)
(006D0105357593060571398BP30,G,0,000004FE,5,460001A536DA046BF13,170716A2233.5643N11400.7331E068.811371467.42)
(006D0105357593060571398BP30,G,0,000004FE,5,460001A536DA0284713,170716A2233.7656N11402.2719E060.111394277.20)
(006D0105357593060571398BP30,G,0,0000050F,5,460001A536DA03D0513,170716A2234.0752N11403.6723E033.711420058.26)
(006D0105357593060571398BP30,G,0,00000520,5,460001A53C16DBE5113,170716A2234.3728N11404.8279E024.711442381.90)
(006D0105357593060571398BP30,G,0,0000058D,5,460001A5351663E3B13,170716A2234.5835N11406.9397E041.111513596.94)
(006E0105357593060571398BP30,G,0,000005B0,5,460001A535166581713,170716A2235.1396N11406.7471E011.8115349351.83)
(006E0105357593060571398BP30,G,0,0000067A,5,460001A535166BF1913,170716A2235.2521N11406.6975E002.0115620235.01)
(006E0105357593060571398BP30,G,0,00000744,5,460001A535166581713,170716A2235.1973N11406.6609E003.8115840241.92)
(006E0105357593060571398BP30,G,0,00000818,5,460001A535166581713,170716A2235.2023N11406.6437E002.9120038312.57)
(006E0105357593060571398BP30,G,0,00000865,5,460001A535166581713,170716A2235.1497N11406.7073E017.6120258124.93)
(006E0105357593060571398BP30,G,0,000008C8,5,460001A53516655A113,170716A2234.2815N11407.0869E030.2120518181.46)
(006E0105357593060571398BP30,G,0,000008FA,5,460001A5351664E2B13,170716A2233.7635N11407.1412E015.0120738150.65)
(006E0105357593060571398BP30,G,0,0000097E,5,460001A5341654B0B13,170716A2233.1864N11407.5497E026.7120958153.85)
(006E0105357593060571398BP30,G,0,00000A2E,5,460001A534165384B13,170716A2232.5644N11407.4504E001.1121634327.17)
(006E0105357593060571398BP30,G,0,00000A90,5,460001A534165384B13,170716A2232.5680N11407.4623E001.0121854162.09)
(006E0105357593060571398BP30,G,0,00000B4A,5,460001A5341653C3D13,170716A2232.5818N11407.5402E003.8122114100.70)
(006E0105357593060571398BP30,G,0,00000C18,5,460001A5341654AB113,170716A2232.5653N11407.4056E003.2122335292.94)
(006E0105357593060571398BP30,G,0,00001157,4,460001A53516655A113,170716A2234.8083N11406.9110E037.2171357339.65)
(006E0105357593060571398BP30,G,0,00001266,4,460001A5351662A4513,170716A2235.2497N11406.7110E012.1171758350.48)
(006E0105357593060571398BP30,G,0,0000140B,4,460001A535166581713,170716A2235.1852N11406.6389E003.5172229331.05)
(006E0105357593060571398BP30,G,0,000014C3,4,460001A535166580D13,170716A2235.2143N11406.6564E001.2172623210.50)
(006E0105357593060571398BP30,G,0,000014C3,4,460001A535166580D13,170716A2235.2141N11406.6596E003.6172821342.83)
(006E0105357593060571398BP30,G,0,000014DA,4,460001A535166581713,170716A2234.9914N11406.8226E007.5173041106.10)
(006E0105357593060571398BP30,G,0,000014DA,4,460001A53516634C713,170716A2234.7190N11406.9241E018.0173301152.17)
(006E0105357593060571398BP30,G,0,000014FA,4,460001A53C16DBE4713,170716A2234.2196N11404.3663E044.1174335238.48)
(006E0105357593060571398BP30,G,0,000014FA,4,460001A536DA033A513,170716A2233.7361N11402.0116E024.1174750237.24)
(006E0105357593060571398BP30,G,0,000014FA,4,460001A536DA046E713,170716A2233.3646N11400.1161E015.4175232276.46)
(006E0105357593060571398BP30,G,0,000014FA,4,460001A53615FBDE313,170716A2233.3819N11359.7702E004.7175452314.34)
(006E0105357593060571398BP30,G,0,00001502,4,460001A52E15F3FC113,170716A2233.4224N11358.6131E066.1175716255.72)
(006E0105357593060571398BP30,G,0,0000152B,4,460001A53F17040F713,170716A2233.3120N11355.8941E010.5180158263.82)
(006E0105357593060571398BP30,G,0,0000154E,4,460001A53F17044CB13,170716A2233.4239N11354.2524E033.0180639316.25)
(006E0105357593060571398BP30,G,0,000015C5,4,460001A6D2D9EBE5113,170716A2235.1666N11352.4213E001.0181316334.17)
(006D0105357593060571398BP30,G,0,00001631,4,460001A5441E844CB13,170716A2234.9573N11351.8864E002.318174011.50)
(006D0105357593060571398BP30,G,0,000022B4,4,460001A6D2D9E378313,170716A2234.3400N11352.6339E001.121361629.48)
(006C0105357593060571398BP30,G,0,00002403,4,460001A5441E83FC113,170716A2234.5942N11352.1452E000.52147250.00)
(006E0105357593060571398BP30,G,0,00002489,4,460001A5441E83FC113,170716A2234.6283N11352.0875E002.0214924318.58)
(006E0105357593060571398BP30,G,0,000024DE,4,460001A5441E83FC113,170716A2234.6549N11351.9988E001.6215121298.44)
(006E0105357593060571398BP30,G,0,00002548,4,460001A5441E83FC113,170716A2234.6982N11351.9576E001.1215320326.09)
(006E0105357593060571398BP30,G,0,000025D3,4,460001A5441E83FB713,170716A2234.7638N11351.9774E001.0215518210.54)
(006E0105357593060571398BP30,G,0,000026A9,4,460001A5441E844D513,170716A2234.8170N11351.9952E002.722013011.340)
