2017-10-30 14:24:31.636443312 +0800 CSTOpen Log File!!!
2017-10-30 14:25:07.817922492 +0800 CSTOpen Log File!!!
2017-10-30 14:25:25.282681836 +0800 CSTOpen Log File!!!
2017-10-30 14:26:18.885620273 +0800 CSTOpen Log File!!!
2017-10-30 14:30:26.191805538 +0800 CSTOpen Log File!!!
2017-10-30 14:30:47.757581617 +0800 CSTOpen Log File!!!
2017-10-30 14:31:33.46123622 +0800 CSTOpen Log File!!!
2017-10-30 14:35:58.835190891 +0800 CSTOpen Log File!!!
[2017-10-30 14:36:01.528522675 +0800 CST, /Users/wenkui/Documents/gator-work/codes/server-go-src/proto/parser.go:1146, _/Users/wenkui/Documents/gator-work/codes/server-go-src/proto.ReloadEPO()] reload epo ok, StartGPSHour: e00e0501
2017-10-30 16:52:49.314425979 +0800 CSTOpen Log File!!!
2017-10-30 16:55:47.297267342 +0800 CSTOpen Log File!!!
2017-10-30 16:56:48.797557004 +0800 CSTOpen Log File!!!
[2017-10-30 16:56:52.642604904 +0800 CST, /Users/wenkui/Documents/gator-work/codes/server-go-src/proto/parser.go:1146, _/Users/wenkui/Documents/gator-work/codes/server-go-src/proto.ReloadEPO()] reload epo ok, StartGPSHour: e00e0501
2017-10-30 16:58:07.743397765 +0800 CSTOpen Log File!!!
[2017-10-30 16:58:10.215835834 +0800 CST, /Users/wenkui/Documents/gator-work/codes/server-go-src/proto/parser.go:1146, _/Users/wenkui/Documents/gator-work/codes/server-go-src/proto.ReloadEPO()] reload epo ok, StartGPSHour: e00e0501
[2017-10-30 16:58:10.524277879 +0800 CST, /Users/wenkui/Documents/gator-work/codes/server-go-src/gt3tcpserver/gt3tcpserver.go:28, _/Users/wenkui/Documents/gator-work/codes/server-go-src/gt3tcpserver.init.1()] gt3tcpserver init
[2017-10-30 16:58:10.524322629 +0800 CST, /Users/wenkui/Documents/gator-work/codes/server-go-src/tcpserver/tcpserver.go:32, _/Users/wenkui/Documents/gator-work/codes/server-go-src/tcpserver.init.1()] tcpserver init
[2017-10-30 16:58:10.524380509 +0800 CST, /Users/wenkui/Documents/gator-work/codes/server-go-src/models/models.go:50, _/Users/wenkui/Documents/gator-work/codes/server-go-src/models.init.1()] connect mysql string: root:@tcp(127.0.0.1:3306)/gpsbaseinfo
[2017-10-30 16:58:10.524393183 +0800 CST, /Users/wenkui/Documents/gator-work/codes/server-go-src/models/models.go:58, _/Users/wenkui/Documents/gator-work/codes/server-go-src/models.init.1()] connect mysql db gpsbaseinfo OK
[2017-10-30 16:58:10.524444677 +0800 CST, /Users/wenkui/Documents/gator-work/codes/server-go-src/appserver/appserver.go:66, _/Users/wenkui/Documents/gator-work/codes/server-go-src/appserver.init.2()] appserver init
[2017-10-30 16:58:10.525550714 +0800 CST, /Users/wenkui/Documents/gator-work/codes/server-go-src/appserver/appserver.go:85, _/Users/wenkui/Documents/gator-work/codes/server-go-src/appserver.LocalAPIServerRunLoop()] LocalAPIServer listen:  :0
2017-10-30 17:01:11.695983706 +0800 CSTOpen Log File!!!
[2017-10-30 17:01:14.274277393 +0800 CST, /Users/wenkui/Documents/gator-work/codes/server-go-src/proto/parser.go:1146, _/Users/wenkui/Documents/gator-work/codes/server-go-src/proto.ReloadEPO()] reload epo ok, StartGPSHour: e00e0501
[2017-10-30 17:01:14.554438609 +0800 CST, /Users/wenkui/Documents/gator-work/codes/server-go-src/gt3tcpserver/gt3tcpserver.go:28, _/Users/wenkui/Documents/gator-work/codes/server-go-src/gt3tcpserver.init.1()] gt3tcpserver init
[2017-10-30 17:01:14.554529745 +0800 CST, /Users/wenkui/Documents/gator-work/codes/server-go-src/tcpserver/tcpserver.go:32, _/Users/wenkui/Documents/gator-work/codes/server-go-src/tcpserver.init.1()] tcpserver init
[2017-10-30 17:01:14.555108923 +0800 CST, /Users/wenkui/Documents/gator-work/codes/server-go-src/models/models.go:50, _/Users/wenkui/Documents/gator-work/codes/server-go-src/models.init.1()] connect mysql string: root:@tcp(127.0.0.1:3306)/gpsbaseinfo
[2017-10-30 17:01:14.555141269 +0800 CST, /Users/wenkui/Documents/gator-work/codes/server-go-src/models/models.go:58, _/Users/wenkui/Documents/gator-work/codes/server-go-src/models.init.1()] connect mysql db gpsbaseinfo OK
[2017-10-30 17:01:14.555206613 +0800 CST, /Users/wenkui/Documents/gator-work/codes/server-go-src/appserver/appserver.go:66, _/Users/wenkui/Documents/gator-work/codes/server-go-src/appserver.init.2()] appserver init
[2017-10-30 17:01:14.557167339 +0800 CST, /Users/wenkui/Documents/gator-work/codes/server-go-src/appserver/appserver.go:85, _/Users/wenkui/Documents/gator-work/codes/server-go-src/appserver.LocalAPIServerRunLoop()] LocalAPIServer listen:  :0
2017-10-30 17:07:14.228267445 +0800 CSTOpen Log File!!!
[2017-10-30 17:07:16.767375728 +0800 CST, /Users/wenkui/Documents/gator-work/codes/server-go-src/proto/parser.go:1146, _/Users/wenkui/Documents/gator-work/codes/server-go-src/proto.ReloadEPO()] reload epo ok, StartGPSHour: e00e0501
[2017-10-30 17:07:17.045801288 +0800 CST, /Users/wenkui/Documents/gator-work/codes/server-go-src/gt3tcpserver/gt3tcpserver.go:28, _/Users/wenkui/Documents/gator-work/codes/server-go-src/gt3tcpserver.init.1()] gt3tcpserver init
[2017-10-30 17:07:17.045856541 +0800 CST, /Users/wenkui/Documents/gator-work/codes/server-go-src/tcpserver/tcpserver.go:32, _/Users/wenkui/Documents/gator-work/codes/server-go-src/tcpserver.init.1()] tcpserver init
[2017-10-30 17:07:17.04596401 +0800 CST, /Users/wenkui/Documents/gator-work/codes/server-go-src/models/models.go:50, _/Users/wenkui/Documents/gator-work/codes/server-go-src/models.init.1()] connect mysql string: root:@tcp(127.0.0.1:3306)/gpsbaseinfo
[2017-10-30 17:07:17.045989435 +0800 CST, /Users/wenkui/Documents/gator-work/codes/server-go-src/models/models.go:58, _/Users/wenkui/Documents/gator-work/codes/server-go-src/models.init.1()] connect mysql db gpsbaseinfo OK
[2017-10-30 17:07:17.046055658 +0800 CST, /Users/wenkui/Documents/gator-work/codes/server-go-src/appserver/appserver.go:66, _/Users/wenkui/Documents/gator-work/codes/server-go-src/appserver.init.2()] appserver init
[2017-10-30 17:07:17.050868421 +0800 CST, /Users/wenkui/Documents/gator-work/codes/server-go-src/appserver/appserver.go:85, _/Users/wenkui/Documents/gator-work/codes/server-go-src/appserver.LocalAPIServerRunLoop()] LocalAPIServer listen:  127.0.0.1:8016
[2017-10-30 17:07:31.510504702 +0800 CST, /Users/wenkui/Documents/gator-work/codes/server-go-src/gt3tcpserver/gt3tcpserver.go:229, _/Users/wenkui/Documents/gator-work/codes/server-go-src/gt3tcpserver.ConnReadLoop()] new connection from: 127.0.0.1:52977
[2017-10-30 17:07:31.510566163 +0800 CST, /Users/wenkui/Documents/gator-work/codes/server-go-src/gt3tcpserver/gt3tcpserver.go:259, _/Users/wenkui/Documents/gator-work/codes/server-go-src/gt3tcpserver.ConnReadLoop()] (357593060571398BP01,G,171030A2234.7874N11351.8739E007.5165002131.69,7)
[2017-10-30 17:07:31.510646903 +0800 CST, /Users/wenkui/Documents/gator-work/codes/server-go-src/gt3tcpserver/gt3tcpserver.go:44, _/Users/wenkui/Documents/gator-work/codes/server-go-src/gt3tcpserver.ConnManagerLoop()] new connection added
[2017-10-30 17:07:31.511815678 +0800 CST, /Users/wenkui/Documents/gator-work/codes/server-go-src/svrctx/srvctx.go:381, _/Users/wenkui/Documents/gator-work/codes/server-go-src/svrctx.GetDeviceData()] sql: select * from  gator3_device_location where imei=357593060571398 order by location_time desc limit 1
[2017-10-30 17:07:31.54457244 +0800 CST, /Users/wenkui/Documents/gator-work/codes/server-go-src/svrctx/srvctx.go:384, _/Users/wenkui/Documents/gator-work/codes/server-go-src/svrctx.GetDeviceData()] [357593060571398] pg query failed, ERROR: relation "gator3_device_location" does not exist (SQLSTATE 42P01)
[2017-10-30 17:07:31.546262236 +0800 CST, /Users/wenkui/Documents/gator-work/codes/server-go-src/proto/gt3tcpporto.go:493, _/Users/wenkui/Documents/gator-work/codes/server-go-src/proto.(*GT03Service).ProcessLocate()] 357593060571398 - begin: m_iAlarmStatu=0
[2017-10-30 17:07:31.546616893 +0800 CST, /Users/wenkui/Documents/gator-work/codes/server-go-src/proto/gt3tcpporto.go:538, _/Users/wenkui/Documents/gator-work/codes/server-go-src/proto.(*GT03Service).ProcessLocate()] 357593060571398 - middle: m_iAlarmStatu=0, parsed location:  m_DateTime=171030165002, m_lng=113.864565, m_lat=22.579790
[2017-10-30 17:07:31.548560291 +0800 CST, /Users/wenkui/Documents/gator-work/codes/server-go-src/proto/gt3tcpporto.go:1182, _/Users/wenkui/Documents/gator-work/codes/server-go-src/proto.(*GT03Service).ProcessZoneAlarm()] 357593060571398 iRadiu, stCurPoint, stDstPoint: 5095 {22.57979 113.864565} {22.588015574341 113.91333157419001}
[2017-10-30 17:07:31.548600234 +0800 CST, /Users/wenkui/Documents/gator-work/codes/server-go-src/proto/gt3tcpporto.go:554, _/Users/wenkui/Documents/gator-work/codes/server-go-src/proto.(*GT03Service).ProcessLocate()] end: m_iAlarmStatu=0
[2017-10-30 17:07:31.548614574 +0800 CST, /Users/wenkui/Documents/gator-work/codes/server-go-src/proto/gt3tcpporto.go:556, _/Users/wenkui/Documents/gator-work/codes/server-go-src/proto.(*GT03Service).ProcessLocate()] Update database: DeviceID=357593060571398, m_DateTime=171030165002, m_lng=113.864565, m_lat=22.579790
[2017-10-30 17:07:31.549016368 +0800 CST, /Users/wenkui/Documents/gator-work/codes/server-go-src/proto/gt3tcpporto.go:1273, _/Users/wenkui/Documents/gator-work/codes/server-go-src/proto.(*GT03Service).WatchDataUpdateDB()] SQL: INSERT INTO gator3_device_location VALUES(357593060571398, 20171030165002, 22.579790, 113.864565, '{"imei":357593060571398,"datatime":171030165002,"lat":22.57979,"lng":113.864565,"steps":70,"accracy":0,"battery":0,"alarm":0,"locateType":1,"readflag":0,"zoneIndex":-1,"zoneName":"","org_battery":7,"org_alarm":0,"lastAlarmType":0,"lastZoneIndex":-1}'::jsonb)
[2017-10-30 17:07:31.549039602 +0800 CST, /Users/wenkui/Documents/gator-work/codes/server-go-src/proto/gt3tcpporto.go:1278, _/Users/wenkui/Documents/gator-work/codes/server-go-src/proto.(*GT03Service).WatchDataUpdateDB()] SQL Test: update gator3_device_location set location_time=20171030165002,data=jsonb_set(data,'{datatime}','171030165002'::jsonb,'{steps}','70'::jsonb,'{locateType}','1'::jsonb,true) 
[2017-10-30 17:07:31.57624068 +0800 CST, /Users/wenkui/Documents/gator-work/codes/server-go-src/proto/gt3tcpporto.go:1282, _/Users/wenkui/Documents/gator-work/codes/server-go-src/proto.(*GT03Service).WatchDataUpdateDB()] pg pool exec sql failed, ERROR: relation "gator3_device_location" does not exist (SQLSTATE 42P01)
[2017-10-30 17:07:31.57638866 +0800 CST, /Users/wenkui/Documents/gator-work/codes/server-go-src/proto/gt3tcpporto.go:567, _/Users/wenkui/Documents/gator-work/codes/server-go-src/proto.(*GT03Service).ProcessLocate()] Update WatchData into Database failed
[2017-10-30 17:07:31.576412525 +0800 CST, /Users/wenkui/Documents/gator-work/codes/server-go-src/proto/gt3tcpporto.go:165, _/Users/wenkui/Documents/gator-work/codes/server-go-src/proto.(*GT03Service).DoRequest()] ProcessLocate failed
[2017-10-30 17:07:31.577313419 +0800 CST, /Users/wenkui/Documents/gator-work/codes/server-go-src/gt3tcpserver/gt3tcpserver.go:144, _/Users/wenkui/Documents/gator-work/codes/server-go-src/gt3tcpserver.ConnManagerLoop()] msg to notify to push cached data to device 357593060571398 
[2017-10-30 17:07:31.577357894 +0800 CST, /Users/wenkui/Documents/gator-work/codes/server-go-src/gt3tcpserver/gt3tcpserver.go:163, _/Users/wenkui/Documents/gator-work/codes/server-go-src/gt3tcpserver.ConnManagerLoop()] [357593060571398] lastActiveTime: 1509354451
[2017-10-30 17:07:31.577371447 +0800 CST, /Users/wenkui/Documents/gator-work/codes/server-go-src/gt3tcpserver/gt3tcpserver.go:168, _/Users/wenkui/Documents/gator-work/codes/server-go-src/gt3tcpserver.ConnManagerLoop()] [357593060571398] no data cached to send
2017-10-30 17:08:56.953561956 +0800 CSTOpen Log File!!!
2017-10-30 17:09:11.650813024 +0800 CSTOpen Log File!!!
[2017-10-30 17:09:14.013711663 +0800 CST, /Users/wenkui/Documents/gator-work/codes/server-go-src/proto/parser.go:1146, _/Users/wenkui/Documents/gator-work/codes/server-go-src/proto.ReloadEPO()] reload epo ok, StartGPSHour: e00e0501
[2017-10-30 17:09:14.286782348 +0800 CST, /Users/wenkui/Documents/gator-work/codes/server-go-src/gt3tcpserver/gt3tcpserver.go:28, _/Users/wenkui/Documents/gator-work/codes/server-go-src/gt3tcpserver.init.1()] gt3tcpserver init
[2017-10-30 17:09:14.286851895 +0800 CST, /Users/wenkui/Documents/gator-work/codes/server-go-src/tcpserver/tcpserver.go:32, _/Users/wenkui/Documents/gator-work/codes/server-go-src/tcpserver.init.1()] tcpserver init
[2017-10-30 17:09:14.286927385 +0800 CST, /Users/wenkui/Documents/gator-work/codes/server-go-src/models/models.go:50, _/Users/wenkui/Documents/gator-work/codes/server-go-src/models.init.1()] connect mysql string: root:@tcp(127.0.0.1:3306)/gpsbaseinfo
[2017-10-30 17:09:14.28696606 +0800 CST, /Users/wenkui/Documents/gator-work/codes/server-go-src/models/models.go:58, _/Users/wenkui/Documents/gator-work/codes/server-go-src/models.init.1()] connect mysql db gpsbaseinfo OK
[2017-10-30 17:09:14.287038115 +0800 CST, /Users/wenkui/Documents/gator-work/codes/server-go-src/appserver/appserver.go:66, _/Users/wenkui/Documents/gator-work/codes/server-go-src/appserver.init.2()] appserver init
[2017-10-30 17:09:14.288078921 +0800 CST, /Users/wenkui/Documents/gator-work/codes/server-go-src/appserver/appserver.go:85, _/Users/wenkui/Documents/gator-work/codes/server-go-src/appserver.LocalAPIServerRunLoop()] LocalAPIServer listen:  127.0.0.1:8016
[2017-10-30 17:09:19.435028937 +0800 CST, /Users/wenkui/Documents/gator-work/codes/server-go-src/gt3tcpserver/gt3tcpserver.go:229, _/Users/wenkui/Documents/gator-work/codes/server-go-src/gt3tcpserver.ConnReadLoop()] new connection from: 127.0.0.1:53111
[2017-10-30 17:09:19.435084939 +0800 CST, /Users/wenkui/Documents/gator-work/codes/server-go-src/gt3tcpserver/gt3tcpserver.go:259, _/Users/wenkui/Documents/gator-work/codes/server-go-src/gt3tcpserver.ConnReadLoop()] (357593060571398BP01,G,171030A2234.7874N11351.8739E007.5165002131.69,7)
[2017-10-30 17:09:19.43517662 +0800 CST, /Users/wenkui/Documents/gator-work/codes/server-go-src/svrctx/srvctx.go:381, _/Users/wenkui/Documents/gator-work/codes/server-go-src/svrctx.GetDeviceData()] sql: select * from  gator3_device_location where imei=357593060571398 order by location_time desc limit 1
[2017-10-30 17:09:19.435193347 +0800 CST, /Users/wenkui/Documents/gator-work/codes/server-go-src/gt3tcpserver/gt3tcpserver.go:44, _/Users/wenkui/Documents/gator-work/codes/server-go-src/gt3tcpserver.ConnManagerLoop()] new connection added
[2017-10-30 17:09:19.436009134 +0800 CST, /Users/wenkui/Documents/gator-work/codes/server-go-src/svrctx/srvctx.go:384, _/Users/wenkui/Documents/gator-work/codes/server-go-src/svrctx.GetDeviceData()] [357593060571398] pg query failed, ERROR: relation "gator3_device_location" does not exist (SQLSTATE 42P01)
[2017-10-30 17:09:19.436271287 +0800 CST, /Users/wenkui/Documents/gator-work/codes/server-go-src/proto/gt3tcpporto.go:494, _/Users/wenkui/Documents/gator-work/codes/server-go-src/proto.(*GT03Service).ProcessLocate()] 357593060571398 - begin: m_iAlarmStatu=0
[2017-10-30 17:09:19.436307132 +0800 CST, /Users/wenkui/Documents/gator-work/codes/server-go-src/proto/gt3tcpporto.go:539, _/Users/wenkui/Documents/gator-work/codes/server-go-src/proto.(*GT03Service).ProcessLocate()] 357593060571398 - middle: m_iAlarmStatu=0, parsed location:  m_DateTime=171030165002, m_lng=113.864565, m_lat=22.579790
[2017-10-30 17:09:19.436416694 +0800 CST, /Users/wenkui/Documents/gator-work/codes/server-go-src/proto/gt3tcpporto.go:1183, _/Users/wenkui/Documents/gator-work/codes/server-go-src/proto.(*GT03Service).ProcessZoneAlarm()] 357593060571398 iRadiu, stCurPoint, stDstPoint: 5095 {22.57979 113.864565} {22.588015574341 113.91333157419001}
[2017-10-30 17:09:19.436436444 +0800 CST, /Users/wenkui/Documents/gator-work/codes/server-go-src/proto/gt3tcpporto.go:555, _/Users/wenkui/Documents/gator-work/codes/server-go-src/proto.(*GT03Service).ProcessLocate()] end: m_iAlarmStatu=0
[2017-10-30 17:09:19.436449454 +0800 CST, /Users/wenkui/Documents/gator-work/codes/server-go-src/proto/gt3tcpporto.go:557, _/Users/wenkui/Documents/gator-work/codes/server-go-src/proto.(*GT03Service).ProcessLocate()] Update database: DeviceID=357593060571398, m_DateTime=171030165002, m_lng=113.864565, m_lat=22.579790
[2017-10-30 17:09:19.436566485 +0800 CST, /Users/wenkui/Documents/gator-work/codes/server-go-src/proto/gt3tcpporto.go:1274, _/Users/wenkui/Documents/gator-work/codes/server-go-src/proto.(*GT03Service).WatchDataUpdateDB()] SQL: INSERT INTO gator3_device_location VALUES(357593060571398, 20171030165002, 22.579790, 113.864565, '{"imei":357593060571398,"datatime":171030165002,"lat":22.57979,"lng":113.864565,"steps":70,"accracy":0,"battery":0,"alarm":0,"locateType":1,"readflag":0,"zoneIndex":-1,"zoneName":"","org_battery":7,"org_alarm":0,"lastAlarmType":0,"lastZoneIndex":-1}'::jsonb)
[2017-10-30 17:09:19.436589073 +0800 CST, /Users/wenkui/Documents/gator-work/codes/server-go-src/proto/gt3tcpporto.go:1279, _/Users/wenkui/Documents/gator-work/codes/server-go-src/proto.(*GT03Service).WatchDataUpdateDB()] SQL Test: update gator3_device_location set location_time=20171030165002,data=jsonb_set(data,'{datatime}','171030165002'::jsonb,'{steps}','70'::jsonb,'{locateType}','1'::jsonb,true) 
[2017-10-30 17:09:19.438446241 +0800 CST, /Users/wenkui/Documents/gator-work/codes/server-go-src/proto/gt3tcpporto.go:1283, _/Users/wenkui/Documents/gator-work/codes/server-go-src/proto.(*GT03Service).WatchDataUpdateDB()] pg pool exec sql failed, ERROR: relation "gator3_device_location" does not exist (SQLSTATE 42P01)
[2017-10-30 17:09:19.438619073 +0800 CST, /Users/wenkui/Documents/gator-work/codes/server-go-src/proto/gt3tcpporto.go:568, _/Users/wenkui/Documents/gator-work/codes/server-go-src/proto.(*GT03Service).ProcessLocate()] Update WatchData into Database failed
[2017-10-30 17:09:19.438645695 +0800 CST, /Users/wenkui/Documents/gator-work/codes/server-go-src/proto/gt3tcpporto.go:166, _/Users/wenkui/Documents/gator-work/codes/server-go-src/proto.(*GT03Service).DoRequest()] ProcessLocate failed
[2017-10-30 17:09:19.438758569 +0800 CST, /Users/wenkui/Documents/gator-work/codes/server-go-src/gt3tcpserver/gt3tcpserver.go:144, _/Users/wenkui/Documents/gator-work/codes/server-go-src/gt3tcpserver.ConnManagerLoop()] msg to notify to push cached data to device 357593060571398 
[2017-10-30 17:09:19.438797129 +0800 CST, /Users/wenkui/Documents/gator-work/codes/server-go-src/gt3tcpserver/gt3tcpserver.go:163, _/Users/wenkui/Documents/gator-work/codes/server-go-src/gt3tcpserver.ConnManagerLoop()] [357593060571398] lastActiveTime: 1509354559
[2017-10-30 17:09:19.438814014 +0800 CST, /Users/wenkui/Documents/gator-work/codes/server-go-src/gt3tcpserver/gt3tcpserver.go:168, _/Users/wenkui/Documents/gator-work/codes/server-go-src/gt3tcpserver.ConnManagerLoop()] [357593060571398] no data cached to send
2017-10-30 17:11:48.041486387 +0800 CSTOpen Log File!!!
[2017-10-30 17:11:50.421517899 +0800 CST, /Users/wenkui/Documents/gator-work/codes/server-go-src/proto/parser.go:1146, _/Users/wenkui/Documents/gator-work/codes/server-go-src/proto.ReloadEPO()] reload epo ok, StartGPSHour: e00e0501
[2017-10-30 17:11:51.208459358 +0800 CST, /Users/wenkui/Documents/gator-work/codes/server-go-src/gt3tcpserver/gt3tcpserver.go:28, _/Users/wenkui/Documents/gator-work/codes/server-go-src/gt3tcpserver.init.1()] gt3tcpserver init
[2017-10-30 17:11:51.208522525 +0800 CST, /Users/wenkui/Documents/gator-work/codes/server-go-src/tcpserver/tcpserver.go:32, _/Users/wenkui/Documents/gator-work/codes/server-go-src/tcpserver.init.1()] tcpserver init
[2017-10-30 17:11:51.208585185 +0800 CST, /Users/wenkui/Documents/gator-work/codes/server-go-src/models/models.go:50, _/Users/wenkui/Documents/gator-work/codes/server-go-src/models.init.1()] connect mysql string: root:@tcp(127.0.0.1:3306)/gpsbaseinfo
[2017-10-30 17:11:51.208603959 +0800 CST, /Users/wenkui/Documents/gator-work/codes/server-go-src/models/models.go:58, _/Users/wenkui/Documents/gator-work/codes/server-go-src/models.init.1()] connect mysql db gpsbaseinfo OK
[2017-10-30 17:11:51.208673901 +0800 CST, /Users/wenkui/Documents/gator-work/codes/server-go-src/appserver/appserver.go:66, _/Users/wenkui/Documents/gator-work/codes/server-go-src/appserver.init.2()] appserver init
[2017-10-30 17:11:51.215271008 +0800 CST, /Users/wenkui/Documents/gator-work/codes/server-go-src/appserver/appserver.go:85, _/Users/wenkui/Documents/gator-work/codes/server-go-src/appserver.LocalAPIServerRunLoop()] LocalAPIServer listen:  127.0.0.1:8016
[2017-10-30 17:12:08.364422456 +0800 CST, /Users/wenkui/Documents/gator-work/codes/server-go-src/gt3tcpserver/gt3tcpserver.go:229, _/Users/wenkui/Documents/gator-work/codes/server-go-src/gt3tcpserver.ConnReadLoop()] new connection from: 127.0.0.1:53316
[2017-10-30 17:12:08.364471095 +0800 CST, /Users/wenkui/Documents/gator-work/codes/server-go-src/gt3tcpserver/gt3tcpserver.go:259, _/Users/wenkui/Documents/gator-work/codes/server-go-src/gt3tcpserver.ConnReadLoop()] (357593060571398BP01,G,171030A2234.7874N11351.8739E007.5165002131.69,7)
[2017-10-30 17:12:08.364577453 +0800 CST, /Users/wenkui/Documents/gator-work/codes/server-go-src/gt3tcpserver/gt3tcpserver.go:44, _/Users/wenkui/Documents/gator-work/codes/server-go-src/gt3tcpserver.ConnManagerLoop()] new connection added
[2017-10-30 17:12:08.365954629 +0800 CST, /Users/wenkui/Documents/gator-work/codes/server-go-src/svrctx/srvctx.go:381, _/Users/wenkui/Documents/gator-work/codes/server-go-src/svrctx.GetDeviceData()] sql: select * from  gator3_device_location where imei=357593060571398 order by location_time desc limit 1
[2017-10-30 17:12:08.366511561 +0800 CST, /Users/wenkui/Documents/gator-work/codes/server-go-src/svrctx/srvctx.go:384, _/Users/wenkui/Documents/gator-work/codes/server-go-src/svrctx.GetDeviceData()] [357593060571398] pg query failed, ERROR: relation "gator3_device_location" does not exist (SQLSTATE 42P01)
[2017-10-30 17:12:08.367228166 +0800 CST, /Users/wenkui/Documents/gator-work/codes/server-go-src/proto/gt3tcpporto.go:494, _/Users/wenkui/Documents/gator-work/codes/server-go-src/proto.(*GT03Service).ProcessLocate()] 357593060571398 - begin: m_iAlarmStatu=0
[2017-10-30 17:12:08.367464196 +0800 CST, /Users/wenkui/Documents/gator-work/codes/server-go-src/proto/gt3tcpporto.go:546, _/Users/wenkui/Documents/gator-work/codes/server-go-src/proto.(*GT03Service).ProcessLocate()] 357593060571398 - middle: m_iAlarmStatu=0, parsed location:  m_DateTime=171030165002, m_lng=113.864565, m_lat=22.579790
[2017-10-30 17:12:08.368793007 +0800 CST, /Users/wenkui/Documents/gator-work/codes/server-go-src/proto/gt3tcpporto.go:1190, _/Users/wenkui/Documents/gator-work/codes/server-go-src/proto.(*GT03Service).ProcessZoneAlarm()] 357593060571398 iRadiu, stCurPoint, stDstPoint: 5095 {22.57979 113.864565} {22.588015574341 113.91333157419001}
[2017-10-30 17:12:08.368837674 +0800 CST, /Users/wenkui/Documents/gator-work/codes/server-go-src/proto/gt3tcpporto.go:562, _/Users/wenkui/Documents/gator-work/codes/server-go-src/proto.(*GT03Service).ProcessLocate()] end: m_iAlarmStatu=0
[2017-10-30 17:12:08.368852216 +0800 CST, /Users/wenkui/Documents/gator-work/codes/server-go-src/proto/gt3tcpporto.go:564, _/Users/wenkui/Documents/gator-work/codes/server-go-src/proto.(*GT03Service).ProcessLocate()] Update database: DeviceID=357593060571398, m_DateTime=171030165002, m_lng=113.864565, m_lat=22.579790
[2017-10-30 17:12:08.369985811 +0800 CST, /Users/wenkui/Documents/gator-work/codes/server-go-src/proto/gt3tcpporto.go:1281, _/Users/wenkui/Documents/gator-work/codes/server-go-src/proto.(*GT03Service).WatchDataUpdateDB()] SQL: INSERT INTO gator3_device_location VALUES(357593060571398, 20171030165002, 22.579790, 113.864565, '{"imei":357593060571398,"datatime":171030165002,"lat":22.57979,"lng":113.864565,"steps":70,"accracy":0,"battery":5,"alarm":0,"locateType":1,"readflag":0,"zoneIndex":-1,"zoneName":"","org_battery":7,"org_alarm":0,"lastAlarmType":0,"lastZoneIndex":-1}'::jsonb)
[2017-10-30 17:12:08.370043429 +0800 CST, /Users/wenkui/Documents/gator-work/codes/server-go-src/proto/gt3tcpporto.go:1286, _/Users/wenkui/Documents/gator-work/codes/server-go-src/proto.(*GT03Service).WatchDataUpdateDB()] SQL Test: update gator3_device_location set location_time=20171030165002,data=jsonb_set(data,'{datatime}','171030165002'::jsonb,'{steps}','70'::jsonb,'{locateType}','1'::jsonb,true) 
[2017-10-30 17:12:08.370296515 +0800 CST, /Users/wenkui/Documents/gator-work/codes/server-go-src/proto/gt3tcpporto.go:1290, _/Users/wenkui/Documents/gator-work/codes/server-go-src/proto.(*GT03Service).WatchDataUpdateDB()] pg pool exec sql failed, ERROR: relation "gator3_device_location" does not exist (SQLSTATE 42P01)
[2017-10-30 17:12:08.370345999 +0800 CST, /Users/wenkui/Documents/gator-work/codes/server-go-src/proto/gt3tcpporto.go:575, _/Users/wenkui/Documents/gator-work/codes/server-go-src/proto.(*GT03Service).ProcessLocate()] Update WatchData into Database failed
[2017-10-30 17:12:08.37035646 +0800 CST, /Users/wenkui/Documents/gator-work/codes/server-go-src/proto/gt3tcpporto.go:166, _/Users/wenkui/Documents/gator-work/codes/server-go-src/proto.(*GT03Service).DoRequest()] ProcessLocate failed
[2017-10-30 17:12:08.370757586 +0800 CST, /Users/wenkui/Documents/gator-work/codes/server-go-src/gt3tcpserver/gt3tcpserver.go:144, _/Users/wenkui/Documents/gator-work/codes/server-go-src/gt3tcpserver.ConnManagerLoop()] msg to notify to push cached data to device 357593060571398 
[2017-10-30 17:12:08.370783493 +0800 CST, /Users/wenkui/Documents/gator-work/codes/server-go-src/gt3tcpserver/gt3tcpserver.go:163, _/Users/wenkui/Documents/gator-work/codes/server-go-src/gt3tcpserver.ConnManagerLoop()] [357593060571398] lastActiveTime: 1509354728
[2017-10-30 17:12:08.370795896 +0800 CST, /Users/wenkui/Documents/gator-work/codes/server-go-src/gt3tcpserver/gt3tcpserver.go:168, _/Users/wenkui/Documents/gator-work/codes/server-go-src/gt3tcpserver.ConnManagerLoop()] [357593060571398] no data cached to send
